<?xml version="1.0" encoding="UTF-8"?>
<!-- Generated by org.testng.reporters.JUnitReportReporter -->
<testsuite skipped="0" hostname="5CD138MB5H" name="SeleniumTesting.Sshot.Readdata" tests="1" failures="0" timestamp="2022-01-20T13:48:49 IST" time="0.008" errors="0">
  <testcase name="ReadDataFrompropertyfile" time="0.008" classname="SeleniumTesting.Sshot.Readdata"/>
  <system-out/>
</testsuite> <!-- SeleniumTesting.Sshot.Readdata -->
